<?xml version="1.0" encoding="UTF-8"?>
<testsuite xmlns:xsi="http://www.w3.org/2001/XMLSchema-instance" xsi:noNamespaceSchemaLocation="https://maven.apache.org/surefire/maven-surefire-plugin/xsd/surefire-test-report-3.0.xsd" version="3.0" name="com.example.demo.MongoApplicationTests" time="4.331" tests="1" errors="0" skipped="0" failures="0">
  <properties>
[...]
</properties>
  <testcase name="contextLoads" classname="com.example.demo.MongoApplicationTests" time="0.694">
    <system-out><![CDATA[Standard Commons Logging discovery in action with spring-jcl: please remove commons-logging.jar from classpath in order to avoid potential conflicts
15:38:02.159 [main] INFO org.springframework.test.context.support.AnnotationConfigContextLoaderUtils -- Could not detect default configuration classes for test class [com.example.demo.MongoApplicationTests]: MongoApplicationTests does not declare any static, non-private, non-final, nested classes annotated with @Configuration.
15:38:02.272 [main] INFO org.springframework.boot.test.context.SpringBootTestContextBootstrapper -- Found @SpringBootConfiguration com.example.demo.MongoApplication for test class com.example.demo.MongoApplicationTests

  .   ____          _            __ _ _
 /\\ / ___'_ __ _ _(_)_ __  __ _ \ \ \ \
( ( )\___ | '_ | '_| | '_ \/ _` | \ \ \ \
 \\/  ___)| |_)| | | | | || (_| |  ) ) ) )
  '  |____| .__|_| |_|_| |_\__, | / / / /
 =========|_|==============|___/=/_/_/_/
 :: Spring Boot ::                (v3.2.1)

2024-01-13T15:38:02.644+05:30  INFO 8804 --- [           main] com.example.demo.MongoApplicationTests   : Starting MongoApplicationTests using Java 21.0.1 with PID 8804 (started by ameya in D:\Java Development\demo)
2024-01-13T15:38:02.645+05:30  INFO 8804 --- [           main] com.example.demo.MongoApplicationTests   : No active profile set, falling back to 1 default profile: "default"
2024-01-13T15:38:03.230+05:30  INFO 8804 --- [           main] .s.d.r.c.RepositoryConfigurationDelegate : Bootstrapping Spring Data MongoDB repositories in DEFAULT mode.
2024-01-13T15:38:03.293+05:30  INFO 8804 --- [           main] .s.d.r.c.RepositoryConfigurationDelegate : Finished Spring Data repository scanning in 58 ms. Found 6 MongoDB repository interfaces.
2024-01-13T15:38:03.752+05:30  INFO 8804 --- [ajp.mongodb.net] org.mongodb.driver.cluster               : Adding discovered server ac-jjezj7n-shard-00-00.qskrajp.mongodb.net:27017 to client view of cluster
2024-01-13T15:38:03.760+05:30  INFO 8804 --- [           main] org.mongodb.driver.client                : MongoClient with metadata {"driver": {"name": "mongo-java-driver|sync|spring-boot", "version": "4.11.1"}, "os": {"type": "Windows", "name": "Windows 11", "architecture": "amd64", "version": "10.0"}, "platform": "Java/Oracle Corporation/21.0.1+12-29"} created with settings MongoClientSettings{readPreference=primary, writeConcern=WriteConcern{w=majority, wTimeout=null ms, journal=null}, retryWrites=true, retryReads=true, readConcern=ReadConcern{level=null}, credential=MongoCredential{mechanism=null, userName='ameyasurana10', source='admin', password=<hidden>, mechanismProperties=<hidden>}, transportSettings=null, streamFactoryFactory=null, commandListeners=[], codecRegistry=ProvidersCodecRegistry{codecProviders=[ValueCodecProvider{}, BsonValueCodecProvider{}, DBRefCodecProvider{}, DBObjectCodecProvider{}, DocumentCodecProvider{}, CollectionCodecProvider{}, IterableCodecProvider{}, MapCodecProvider{}, GeoJsonCodecProvider{}, GridFSFileCodecProvider{}, Jsr310CodecProvider{}, JsonObjectCodecProvider{}, BsonCodecProvider{}, EnumCodecProvider{}, com.mongodb.client.model.mql.ExpressionCodecProvider@49f3ff41, com.mongodb.Jep395RecordCodecProvider@6cfbbff7, com.mongodb.KotlinCodecProvider@30db5536]}, loggerSettings=LoggerSettings{maxDocumentLength=1000}, clusterSettings={hosts=[127.0.0.1:27017], srvHost=cluster0.qskrajp.mongodb.net, srvServiceName=mongodb, mode=MULTIPLE, requiredClusterType=REPLICA_SET, requiredReplicaSetName='atlas-9i8apg-shard-0', serverSelector='null', clusterListeners='[]', serverSelectionTimeout='30000 ms', localThreshold='15 ms'}, socketSettings=SocketSettings{connectTimeoutMS=10000, readTimeoutMS=0, receiveBufferSize=0, proxySettings=ProxySettings{host=null, port=null, username=null, password=null}}, heartbeatSocketSettings=SocketSettings{connectTimeoutMS=10000, readTimeoutMS=10000, receiveBufferSize=0, proxySettings=ProxySettings{host=null, port=null, username=null, password=null}}, connectionPoolSettings=ConnectionPoolSettings{maxSize=100, minSize=0, maxWaitTimeMS=120000, maxConnectionLifeTimeMS=0, maxConnectionIdleTimeMS=0, maintenanceInitialDelayMS=0, maintenanceFrequencyMS=60000, connectionPoolListeners=[], maxConnecting=2}, serverSettings=ServerSettings{heartbeatFrequencyMS=10000, minHeartbeatFrequencyMS=500, serverListeners='[]', serverMonitorListeners='[]'}, sslSettings=SslSettings{enabled=true, invalidHostNameAllowed=false, context=null}, applicationName='null', compressorList=[], uuidRepresentation=JAVA_LEGACY, serverApi=null, autoEncryptionSettings=null, dnsClient=null, inetAddressResolver=null, contextProvider=null}
2024-01-13T15:38:03.775+05:30  INFO 8804 --- [ajp.mongodb.net] org.mongodb.driver.cluster               : Adding discovered server ac-jjezj7n-shard-00-01.qskrajp.mongodb.net:27017 to client view of cluster
2024-01-13T15:38:03.778+05:30  INFO 8804 --- [ajp.mongodb.net] org.mongodb.driver.cluster               : Adding discovered server ac-jjezj7n-shard-00-02.qskrajp.mongodb.net:27017 to client view of cluster
2024-01-13T15:38:04.455+05:30  INFO 8804 --- [ngodb.net:27017] org.mongodb.driver.cluster               : Monitor thread successfully connected to server with description ServerDescription{address=ac-jjezj7n-shard-00-00.qskrajp.mongodb.net:27017, type=REPLICA_SET_SECONDARY, state=CONNECTED, ok=true, minWireVersion=0, maxWireVersion=17, maxDocumentSize=16777216, logicalSessionTimeoutMinutes=30, roundTripTimeNanos=414234300, setName='atlas-9i8apg-shard-0', canonicalAddress=ac-jjezj7n-shard-00-00.qskrajp.mongodb.net:27017, hosts=[ac-jjezj7n-shard-00-00.qskrajp.mongodb.net:27017, ac-jjezj7n-shard-00-02.qskrajp.mongodb.net:27017, ac-jjezj7n-shard-00-01.qskrajp.mongodb.net:27017], passives=[], arbiters=[], primary='ac-jjezj7n-shard-00-01.qskrajp.mongodb.net:27017', tagSet=TagSet{[Tag{name='availabilityZone', value='aps1-az1'}, Tag{name='diskState', value='READY'}, Tag{name='nodeType', value='ELECTABLE'}, Tag{name='provider', value='AWS'}, Tag{name='region', value='AP_SOUTH_1'}, Tag{name='workloadType', value='OPERATIONAL'}]}, electionId=null, setVersion=2, topologyVersion=TopologyVersion{processId=65a071d78d5cddbf3a066b2c, counter=5}, lastWriteDate=Sat Jan 13 15:38:03 IST 2024, lastUpdateTimeNanos=63306342714400}
2024-01-13T15:38:04.455+05:30  INFO 8804 --- [ngodb.net:27017] org.mongodb.driver.cluster               : Monitor thread successfully connected to server with description ServerDescription{address=ac-jjezj7n-shard-00-02.qskrajp.mongodb.net:27017, type=REPLICA_SET_SECONDARY, state=CONNECTED, ok=true, minWireVersion=0, maxWireVersion=17, maxDocumentSize=16777216, logicalSessionTimeoutMinutes=30, roundTripTimeNanos=408216300, setName='atlas-9i8apg-shard-0', canonicalAddress=ac-jjezj7n-shard-00-02.qskrajp.mongodb.net:27017, hosts=[ac-jjezj7n-shard-00-00.qskrajp.mongodb.net:27017, ac-jjezj7n-shard-00-02.qskrajp.mongodb.net:27017, ac-jjezj7n-shard-00-01.qskrajp.mongodb.net:27017], passives=[], arbiters=[], primary='ac-jjezj7n-shard-00-01.qskrajp.mongodb.net:27017', tagSet=TagSet{[Tag{name='availabilityZone', value='aps1-az2'}, Tag{name='diskState', value='READY'}, Tag{name='nodeType', value='ELECTABLE'}, Tag{name='provider', value='AWS'}, Tag{name='region', value='AP_SOUTH_1'}, Tag{name='workloadType', value='OPERATIONAL'}]}, electionId=null, setVersion=2, topologyVersion=TopologyVersion{processId=65a077ef524ab692b7b173ef, counter=4}, lastWriteDate=Sat Jan 13 15:38:03 IST 2024, lastUpdateTimeNanos=63306342716300}
2024-01-13T15:38:04.456+05:30  INFO 8804 --- [ngodb.net:27017] org.mongodb.driver.cluster               : Monitor thread successfully connected to server with description ServerDescription{address=ac-jjezj7n-shard-00-01.qskrajp.mongodb.net:27017, type=REPLICA_SET_PRIMARY, state=CONNECTED, ok=true, minWireVersion=0, maxWireVersion=17, maxDocumentSize=16777216, logicalSessionTimeoutMinutes=30, roundTripTimeNanos=411518400, setName='atlas-9i8apg-shard-0', canonicalAddress=ac-jjezj7n-shard-00-01.qskrajp.mongodb.net:27017, hosts=[ac-jjezj7n-shard-00-00.qskrajp.mongodb.net:27017, ac-jjezj7n-shard-00-02.qskrajp.mongodb.net:27017, ac-jjezj7n-shard-00-01.qskrajp.mongodb.net:27017], passives=[], arbiters=[], primary='ac-jjezj7n-shard-00-01.qskrajp.mongodb.net:27017', tagSet=TagSet{[Tag{name='availabilityZone', value='aps1-az3'}, Tag{name='diskState', value='READY'}, Tag{name='nodeType', value='ELECTABLE'}, Tag{name='provider', value='AWS'}, Tag{name='region', value='AP_SOUTH_1'}, Tag{name='workloadType', value='OPERATIONAL'}]}, electionId=7fffffff0000000000000006, setVersion=2, topologyVersion=TopologyVersion{processId=65a073149b1ea508e83a9d23, counter=7}, lastWriteDate=Sat Jan 13 15:38:03 IST 2024, lastUpdateTimeNanos=63306342714500}
2024-01-13T15:38:04.461+05:30  INFO 8804 --- [ngodb.net:27017] org.mongodb.driver.cluster               : Discovered replica set primary ac-jjezj7n-shard-00-01.qskrajp.mongodb.net:27017 with max election id 7fffffff0000000000000006 and max set version 2
2024-01-13T15:38:05.601+05:30  INFO 8804 --- [           main] com.example.demo.MongoApplicationTests   : Started MongoApplicationTests in 3.19 seconds (process running for 4.201)
]]></system-out>
    <system-err><![CDATA[WARNING: A Java agent has been loaded dynamically (C:\Users\ameya\.m2\repository\net\bytebuddy\byte-buddy-agent\1.14.10\byte-buddy-agent-1.14.10.jar)
WARNING: If a serviceability tool is in use, please run with -XX:+EnableDynamicAgentLoading to hide this warning
WARNING: If a serviceability tool is not in use, please run with -Djdk.instrument.traceUsage for more information
WARNING: Dynamic loading of agents will be disallowed by default in a future release
]]></system-err>
  </testcase>
</testsuite>